<?xml version="1.0" encoding="UTF-8"?>
<!-- Generated by org.testng.reporters.JUnitReportReporter -->
<testsuite hostname="dell" failures="0" tests="3" name="Testng.TestAnnotations" time="0.011" errors="0" timestamp="2024-09-19T19:36:22 IST" skipped="0">
  <testcase classname="Testng.TestAnnotations" name="test1" time="0.008"/>
  <system-out/>
  <testcase classname="Testng.TestAnnotations" name="test2" time="0.001"/>
  <system-out/>
  <testcase classname="Testng.TestAnnotations" name="test3" time="0.002"/>
  <system-out/>
</testsuite> <!-- Testng.TestAnnotations -->
