<?xml version="1.0" encoding="UTF-8"?>
<!-- Generated by org.testng.reporters.JUnitReportReporter -->
<testsuite hostname="dell" failures="0" tests="3" name="Testng.Dependson" time="0.023" errors="0" timestamp="2024-09-24T20:39:44 IST" skipped="0">
  <testcase classname="Testng.Dependson" name="test1" time="0.003"/>
  <system-out/>
  <testcase classname="Testng.Dependson" name="test3" time="0.001"/>
  <system-out/>
  <testcase classname="Testng.Dependson" name="test2" time="0.019"/>
  <system-out/>
</testsuite> <!-- Testng.Dependson -->
