<?xml version="1.0" encoding="UTF-8"?>
<!-- Generated by org.testng.reporters.JUnitReportReporter -->
<testsuite hostname="dell" failures="0" tests="2" name="Testng.ParallelTesting" time="2.249" errors="0" timestamp="2024-09-23T20:24:19 IST" skipped="0">
  <testcase classname="Testng.ParallelTesting" name="verifylogo" time="0.010"/>
  <system-out/>
  <testcase classname="Testng.ParallelTesting" name="logintest" time="2.239"/>
  <system-out/>
</testsuite> <!-- Testng.ParallelTesting -->
