<?xml version="1.0" encoding="UTF-8"?>
<!-- Generated by org.testng.reporters.JUnitReportReporter -->
<testsuite hostname="dell" failures="0" tests="3" name="Testng.Parameters" time="0.014" errors="0" timestamp="2024-09-24T20:16:21 IST" skipped="0">
  <testcase classname="Testng.Parameters" name="test2" time="0.010"/>
  <system-out/>
  <testcase classname="Testng.Parameters" name="test3" time="0.001"/>
  <system-out/>
  <testcase classname="Testng.Parameters" name="test1" time="0.003"/>
  <system-out/>
</testsuite> <!-- Testng.Parameters -->
