<?xml version="1.0" encoding="UTF-8"?>
<!-- Generated by org.testng.reporters.JUnitReportReporter -->
<testsuite hostname="dell" failures="0" tests="1" name="Testng.Login" time="5.287" errors="0" timestamp="2024-09-20T20:57:45 IST" skipped="0">
  <testcase classname="Testng.Login" name="loginHRM" time="5.287"/>
  <system-out/>
</testsuite> <!-- Testng.Login -->
