<?xml version="1.0" encoding="UTF-8"?>
<!-- Generated by org.testng.reporters.JUnitReportReporter -->
<testsuite hostname="dell" failures="0" tests="3" name="Testng.Reports" time="0.026" errors="0" timestamp="2024-09-19T20:40:28 IST" skipped="0">
  <testcase classname="Testng.Reports" name="test1" time="0.021"/>
  <system-out/>
  <testcase classname="Testng.Reports" name="test3" time="0.001"/>
  <system-out/>
  <testcase classname="Testng.Reports" name="test2" time="0.004"/>
  <system-out/>
</testsuite> <!-- Testng.Reports -->
