<?xml version="1.0" encoding="UTF-8"?>
<!-- Generated by org.testng.reporters.JUnitReportReporter -->
<testsuite hostname="dell" failures="0" tests="1" name="Testng.Annotations" time="0.010" errors="0" timestamp="2024-09-13T20:33:46 IST" skipped="0">
  <testcase classname="Testng.Annotations" name="test5" time="0.010"/>
  <system-out/>
</testsuite> <!-- Testng.Annotations -->
