<?xml version="1.0" encoding="UTF-8"?>
<!-- Generated by org.testng.reporters.JUnitReportReporter -->
<testsuite hostname="dell" failures="0" tests="2" name="Testng.Parametization" time="0.018" errors="0" timestamp="2024-09-24T20:32:39 IST" skipped="0">
  <testcase classname="Testng.Parametization" name="add" time="0.017"/>
  <system-out/>
  <testcase classname="Testng.Parametization" name="subtraction" time="0.001"/>
  <system-out/>
</testsuite> <!-- Testng.Parametization -->
