<?xml version="1.0" encoding="UTF-8"?>
<!-- Generated by org.testng.reporters.JUnitReportReporter -->
<testsuite hostname="dell" failures="0" tests="6" name="Testng.Innovaction" time="0.018" errors="0" timestamp="2024-09-20T20:27:25 IST" skipped="0">
  <testcase classname="Testng.Innovaction" name="count" time="0.001"/>
  <system-out/>
  <testcase classname="Testng.Innovaction" name="count1" time="0.002"/>
  <system-out/>
  <testcase classname="Testng.Innovaction" name="count" time="0.002"/>
  <system-out/>
  <testcase classname="Testng.Innovaction" name="count" time="0.011"/>
  <system-out/>
  <testcase classname="Testng.Innovaction" name="count" time="0.001"/>
  <system-out/>
  <testcase classname="Testng.Innovaction" name="count" time="0.001"/>
  <system-out/>
</testsuite> <!-- Testng.Innovaction -->
